#
# A fatal error has been detected by the Java Runtime Environment:
#
#  SIGSEGV (0xb) at pc=0x000000010fc94469, pid=2830, tid=0x0000000000005303
#
# JRE version: OpenJDK Runtime Environment (8.0_152-b01) (build 1.8.0_152-release-1248-b01)
# Java VM: OpenJDK 64-Bit Server VM (25.152-b01 mixed mode bsd-amd64 compressed oops)
# Problematic frame:
# V  [libjvm.dylib+0x494469]  ParCompactionManager::follow_marking_stacks()+0x165
#
# Failed to write core dump. Core dumps have been disabled. To enable core dumping, try "ulimit -c unlimited" before starting Java again
#
# If you would like to submit a bug report, please visit:
#   http://bugreport.java.com/bugreport/crash.jsp
#

---------------  T H R E A D  ---------------

Current thread (0x00007fdcb3013800):  GCTaskThread [stack: 0x000070000514b000,0x000070000524b000] [id=21251]

siginfo: si_signo: 11 (SIGSEGV), si_code: 1 (SEGV_MAPERR), si_addr: 0x0000000000000120

Registers:
RAX=0x0000000000000000, RBX=0x000000011002bdb0, RCX=0x000000011520a003, RDX=0x0000000762e3dde8
RSP=0x000070000524ac60, RBP=0x000070000524ad00, RSI=0x00007fdcb2703ca0, RDI=0x00000007c0135b38
R8 =0x0000000000006340, R9 =0x000000011002bdb0, R10=0x0000000000000001, R11=0x000000000000356b
R12=0x000000011002752b, R13=0x0000000110027529, R14=0x0000000110027529, R15=0x00007fdcb2703ca0
RIP=0x000000010fc94469, EFLAGS=0x0000000000010202, ERR=0x0000000000000004
  TRAPNO=0x000000000000000e

Top of Stack: (sp=0x000070000524ac60)
0x000070000524ac60:   00007fff60f4dcf2 00007fdcb2703ce0
0x000070000524ac70:   0000000762e3dde8 00007fdcb2703ca8
0x000070000524ac80:   0000000000000000 00000007602ea3c8
0x000070000524ac90:   00007fdcb2703d28 0000000000000004
0x000070000524aca0:   000070000524acd0 00007fdcb2703d60
0x000070000524acb0:   000000010ffef918 0000000000000078
0x000070000524acc0:   000070000524ada8 0000000110042060
0x000070000524acd0:   000070000524ad00 00007fdcb250dd60
0x000070000524ace0:   000070000524ada8 000000010fdd63d0
0x000070000524acf0:   00007fdcb2703ca0 0000000000000001
0x000070000524ad00:   000070000524ade0 000000010fc85803
0x000070000524ad10:   00007fdcb250a884 000000007fffff80
0x000070000524ad20:   0000000000000000 00007fdcb250a868
0x000070000524ad30:   000070000524ad80 00007fff60f4acaa
0x000070000524ad40:   00007fdcb250a868 00000000b2509980
0x000070000524ad50:   00007fdc00000000 00007fdcb250a868
0x000070000524ad60:   00007fdcb250dd60 00007fff60f49dca
0x000070000524ad70:   000070000524adb0 00007fff60f476a0
0x000070000524ad80:   00000b0000000b00 000000010fc61ef3
0x000070000524ad90:   000000010ffef948 00007fdcb2509900
0x000070000524ada0:   000070000524ada8 000000010ffef918
0x000070000524adb0:   000070000524ad00 00007fdcb2703ca0
0x000070000524adc0:   00007fdcb3013800 00007fdcb250dd60
0x000070000524add0:   0000000000000000 0000000000000001
0x000070000524ade0:   000070000524aec0 000000010fa5f488
0x000070000524adf0:   00007fdcb250d900 00007fdcb3013800
0x000070000524ae00:   00007fdcb250d120 00007fdcb250d160
0x000070000524ae10:   00007fdcb250d170 00007fdcb250d248
0x000070000524ae20:   00000000000000d8 00007fdcb250d360
0x000070000524ae30:   00007fdcb3013800 00007fdcb250d120
0x000070000524ae40:   00007fdcb250d160 00007fdcb250d170
0x000070000524ae50:   00007fdcb250d248 00000000000000d8 

Instructions: (pc=0x000000010fc94469)
0x000000010fc94449:   15 48 8d 05 bf 20 38 00 8a 48 08 8b 7a 08 48 d3
0x000000010fc94459:   e7 48 03 38 eb 04 48 8b 7a 08 48 8b 07 4c 89 fe
0x000000010fc94469:   ff 90 20 01 00 00 41 8b 47 08 89 c1 41 2b 4f 10
0x000000010fc94479:   f7 c1 ff ff 01 00 0f 85 4f ff ff ff 48 c7 45 a0 

Register to memory mapping:

RAX=0x0000000000000000 is an unknown value
RBX=0x000000011002bdb0: _ZN2os16_processor_countE+0 in /Users/maor95/Desktop/Android Studio.app/Contents/jre/jdk/Contents/Home/jre/lib/server/libjvm.dylib at 0x000000010f800000
RCX=0x000000011520a003 is an unknown value
RDX=0x0000000762e3dde8 is an oop

[error occurred during error reporting (printing register info), id 0xb]

Stack: [0x000070000514b000,0x000070000524b000],  sp=0x000070000524ac60,  free space=1023k
Native frames: (J=compiled Java code, j=interpreted, Vv=VM code, C=native code)
V  [libjvm.dylib+0x494469]  ParCompactionManager::follow_marking_stacks()+0x165
V  [libjvm.dylib+0x485803]  MarkFromRootsTask::do_it(GCTaskManager*, unsigned int)+0x197
V  [libjvm.dylib+0x25f488]  GCTaskThread::run()+0x130
V  [libjvm.dylib+0x45fb8d]  java_start(Thread*)+0xfa
C  [libsystem_pthread.dylib+0x32eb]  _pthread_body+0x7e
C  [libsystem_pthread.dylib+0x6249]  _pthread_start+0x42
C  [libsystem_pthread.dylib+0x240d]  thread_start+0xd


---------------  P R O C E S S  ---------------

Java Threads: ( => current thread )
  0x00007fdcb6eec800 JavaThread "Cache worker for Java compile cache (/Users/maor95/Desktop/Retzion/.gradle/4.10.1/javaCompile)" [_thread_blocked, id=33539, stack(0x00007000082de000,0x00007000083de000)]
  0x00007fdcb6ee9800 JavaThread "Cache worker for Java compile cache (/Users/maor95/.gradle/caches/4.10.1/javaCompile)" [_thread_blocked, id=37127, stack(0x00007000076ba000,0x00007000077ba000)]
  0x00007fdcb7305000 JavaThread "stdout" daemon [_thread_in_native, id=29955, stack(0x00007000081db000,0x00007000082db000)]
  0x00007fdcb7304800 JavaThread "stderr" daemon [_thread_in_native, id=34051, stack(0x00007000080d8000,0x00007000081d8000)]
  0x00007fdcb7303800 JavaThread "stdout" daemon [_thread_in_native, id=29699, stack(0x0000700007fd5000,0x00007000080d5000)]
  0x00007fdcb79e5800 JavaThread "stdout" daemon [_thread_in_native, id=34819, stack(0x0000700007ed2000,0x0000700007fd2000)]
  0x00007fdcb6dab000 JavaThread "stderr" daemon [_thread_in_native, id=35331, stack(0x0000700007dcf000,0x0000700007ecf000)]
  0x00007fdcb829d000 JavaThread "stderr" daemon [_thread_in_native, id=29187, stack(0x0000700007ccc000,0x0000700007dcc000)]
  0x00007fdcb79e5000 JavaThread "process reaper" daemon [_thread_in_native, id=35843, stack(0x0000700004d12000,0x0000700004d3a000)]
  0x00007fdcb6daa800 JavaThread "process reaper" daemon [_thread_in_native, id=36099, stack(0x0000700004ce7000,0x0000700004d0f000)]
  0x00007fdcb72fd000 JavaThread "process reaper" daemon [_thread_in_native, id=28419, stack(0x0000700004cbc000,0x0000700004ce4000)]
  0x00007fdcb6da7800 JavaThread "pool-10-thread-1" [_thread_blocked, id=27911, stack(0x0000700007bc9000,0x0000700007cc9000)]
  0x00007fdcb6d08000 JavaThread "MarlinRenderer Disposer" daemon [_thread_blocked, id=27655, stack(0x0000700007ac6000,0x0000700007bc6000)]
  0x00007fdcb7728800 JavaThread "Java2D Disposer" daemon [_thread_blocked, id=27399, stack(0x00007000079c3000,0x0000700007ac3000)]
  0x00007fdcb7727000 JavaThread "AWT-AppKit" daemon [_thread_in_native, id=775, stack(0x00007ffee04d1000,0x00007ffee0cd1000)]
  0x00007fdcb7d2c000 JavaThread "ForkJoinPool.commonPool-worker-3" daemon [_thread_blocked, id=26371, stack(0x00007000077bd000,0x00007000078bd000)]
  0x00007fdcb6e7e800 JavaThread "Cache worker for Build Output Cleanup Cache (/Users/maor95/Desktop/Retzion/.gradle/buildOutputCleanup)" [_thread_blocked, id=40995, stack(0x00007000075b7000,0x00007000076b7000)]
  0x00007fdcb6e7e000 JavaThread "Task worker for ':' Thread 3" [_thread_blocked, id=41251, stack(0x00007000074b4000,0x00007000075b4000)]
  0x00007fdcb6e7d000 JavaThread "Task worker for ':' Thread 2" [_thread_blocked, id=15903, stack(0x00007000073b1000,0x00007000074b1000)]
  0x00007fdcb6f34800 JavaThread "Cache worker for task history cache (/Users/maor95/Desktop/Retzion/.gradle/4.10.1/taskHistory)" [_thread_blocked, id=24099, stack(0x00007000072ae000,0x00007000073ae000)]
  0x00007fdcb6743000 JavaThread "Task worker for ':'" [_thread_blocked, id=37399, stack(0x00007000071ab000,0x00007000072ab000)]
  0x00007fdcb7ea9000 JavaThread "Cache worker for file content cache (/Users/maor95/Desktop/Retzion/.gradle/4.10.1/fileContent)" [_thread_blocked, id=15391, stack(0x00007000070a8000,0x00007000071a8000)]
  0x00007fdcb6093800 JavaThread "Build operations Thread 4" [_thread_blocked, id=15135, stack(0x0000700006d9f000,0x0000700006e9f000)]
  0x00007fdcb71fd800 JavaThread "Build operations Thread 3" [_thread_blocked, id=22311, stack(0x0000700006c9c000,0x0000700006d9c000)]
  0x00007fdcb7b8b800 JavaThread "Build operations Thread 2" [_thread_blocked, id=24355, stack(0x0000700006b99000,0x0000700006c99000)]
  0x00007fdcb5aa3800 JavaThread "Build operations" [_thread_blocked, id=23587, stack(0x0000700006a96000,0x0000700006b96000)]
  0x00007fdcb6b36800 JavaThread "Cache worker for cache directory md-rule (/Users/maor95/.gradle/caches/4.10.1/md-rule)" [_thread_blocked, id=24611, stack(0x0000700006890000,0x0000700006990000)]
  0x00007fdcb6f04800 JavaThread "Cache worker for cache directory md-supplier (/Users/maor95/.gradle/caches/4.10.1/md-supplier)" [_thread_blocked, id=39463, stack(0x000070000678d000,0x000070000688d000)]
  0x00007fdcb82cc000 JavaThread "Cache worker for file hash cache (/Users/maor95/Desktop/Retzion/.gradle/4.10.1/fileHashes)" [_thread_blocked, id=25883, stack(0x0000700006587000,0x0000700006687000)]
  0x00007fdcb7f9e000 JavaThread "Stdin handler" [_thread_blocked, id=41763, stack(0x000070000627e000,0x000070000637e000)]
  0x00007fdcb7ff7000 JavaThread "Asynchronous log dispatcher for DefaultDaemonConnection: socket connection from /127.0.0.1:57348 to /127.0.0.1:60518" [_thread_blocked, id=39199, stack(0x000070000617b000,0x000070000627b000)]
  0x00007fdcb777e800 JavaThread "Cancel handler" [_thread_blocked, id=37919, stack(0x0000700005f75000,0x0000700006075000)]
  0x00007fdcb7916800 JavaThread "Handler for socket connection from /127.0.0.1:57348 to /127.0.0.1:60518" [_thread_in_native, id=38687, stack(0x0000700005e72000,0x0000700005f72000)]
  0x00007fdcb6f29800 JavaThread "Daemon worker Thread 4" [_thread_blocked, id=23319, stack(0x0000700006078000,0x0000700006178000)]
  0x00007fdcb775d000 JavaThread "Daemon Thread 4" [_thread_blocked, id=3099, stack(0x0000700005d6f000,0x0000700005e6f000)]
  0x00007fdcb7915000 JavaThread "Cache worker for file content cache (/Users/maor95/.gradle/caches/4.10.1/fileContent)" [_thread_blocked, id=39947, stack(0x0000700006fa5000,0x00007000070a5000)]
  0x00007fdcb6085800 JavaThread "Memory manager" [_thread_blocked, id=18699, stack(0x0000700006ea2000,0x0000700006fa2000)]
  0x00007fdcb46ae000 JavaThread "Cache worker for Artifact transforms cache (/Users/maor95/.gradle/caches/transforms-1)" [_thread_blocked, id=40451, stack(0x0000700006993000,0x0000700006a93000)]
  0x00007fdcb51ab000 JavaThread "Cache worker for journal cache (/Users/maor95/.gradle/caches/journal-1)" [_thread_blocked, id=41475, stack(0x000070000668a000,0x000070000678a000)]
  0x00007fdcb4501000 JavaThread "File lock request listener" [_thread_in_native, id=42243, stack(0x0000700006484000,0x0000700006584000)]
  0x00007fdcb44fd000 JavaThread "Cache worker for file hash cache (/Users/maor95/.gradle/caches/4.10.1/fileHashes)" [_thread_blocked, id=42755, stack(0x0000700006381000,0x0000700006481000)]
  0x00007fdcb3fd8800 JavaThread "Daemon periodic checks" [_thread_blocked, id=14851, stack(0x0000700005c6c000,0x0000700005d6c000)]
  0x00007fdcb3f76000 JavaThread "Incoming local TCP Connector on port 57348" [_thread_in_native, id=14339, stack(0x0000700005b69000,0x0000700005c69000)]
  0x00007fdcb3800000 JavaThread "Service Thread" daemon [_thread_blocked, id=13827, stack(0x0000700005963000,0x0000700005a63000)]
  0x00007fdcb401e800 JavaThread "C1 CompilerThread2" daemon [_thread_blocked, id=13315, stack(0x0000700005860000,0x0000700005960000)]
  0x00007fdcb401e000 JavaThread "C2 CompilerThread1" daemon [_thread_blocked, id=17667, stack(0x000070000575d000,0x000070000585d000)]
  0x00007fdcb401c800 JavaThread "C2 CompilerThread0" daemon [_thread_blocked, id=12803, stack(0x000070000565a000,0x000070000575a000)]
  0x00007fdcb401b800 JavaThread "Signal Dispatcher" daemon [_thread_blocked, id=12291, stack(0x0000700005557000,0x0000700005657000)]
  0x00007fdcb381f800 JavaThread "Finalizer" daemon [_thread_blocked, id=19971, stack(0x0000700005454000,0x0000700005554000)]
  0x00007fdcb4016000 JavaThread "Reference Handler" daemon [_thread_blocked, id=20483, stack(0x0000700005351000,0x0000700005451000)]
  0x00007fdcb3801000 JavaThread "main" [_thread_blocked, id=10243, stack(0x0000700004d3f000,0x0000700004e3f000)]

Other Threads:
  0x00007fdcb4013000 VMThread [stack: 0x000070000524e000,0x000070000534e000] [id=11267]
  0x00007fdcb3841800 WatcherThread [stack: 0x0000700005a66000,0x0000700005b66000] [id=17155]

=>0x00007fdcb3013800 (exited) GCTaskThread [stack: 0x000070000514b000,0x000070000524b000] [id=21251]

VM state:at safepoint (normal execution)

VM Mutex/Monitor currently owned by a thread:  ([mutex/lock_event])
[0x00007fdcb2502260] Threads_lock - owner thread: 0x00007fdcb4013000
[0x00007fdcb2502760] Heap_lock - owner thread: 0x00007fdcb6743000

Heap:
 PSYoungGen      total 468992K, used 128K [0x00000007a0000000, 0x00000007c0000000, 0x00000007c0000000)
  eden space 418816K, 0% used [0x00000007a0000000,0x00000007a0000000,0x00000007b9900000)
  from space 50176K, 0% used [0x00000007b9900000,0x00000007b9920000,0x00000007bca00000)
  to   space 51200K, 0% used [0x00000007bce00000,0x00000007bce00000,0x00000007c0000000)
 ParOldGen       total 138752K, used 126253K [0x0000000760000000, 0x0000000768780000, 0x00000007a0000000)
  object space 138752K, 90% used [0x0000000760000000,0x0000000767b4b4c0,0x0000000768780000)
 Metaspace       used 83631K, capacity 86554K, committed 86808K, reserved 1124352K
  class space    used 10571K, capacity 11250K, committed 11304K, reserved 1048576K

Card table byte_map: [0x000000011065c000,0x000000011095d000] byte_map_base: 0x000000010cb5c000

Marking Bits: (ParMarkBitMap*) 0x000000011002c8f8
 Begin Bits: [0x0000000110b5d000, 0x000000011235d000)
 End Bits:   [0x000000011235d000, 0x0000000113b5d000)

Polling page: 0x000000010efa1000

CodeCache: size=245760Kb used=44181Kb max_used=44193Kb free=201578Kb
 bounds [0x000000011a6dc000, 0x000000011d24c000, 0x00000001296dc000]
 total_blobs=14716 nmethods=13745 adapters=883
 compilation: enabled

Compilation events (10 events):
Event: 11869.661 Thread 0x00007fdcb401e800 16649       3       com.android.tools.build.apkzlib.zip.LazyDelegateByteSource::openStream (8 bytes)
Event: 11869.661 Thread 0x00007fdcb401e800 nmethod 16649 0x000000011d229410 code [0x000000011d229580, 0x000000011d2297d8]
Event: 11869.665 Thread 0x00007fdcb401e800 16650  s!   3       com.android.tools.build.apkzlib.bytestorage.SwitchableDelegateCloseableByteSource::innerClose (139 bytes)
Event: 11869.667 Thread 0x00007fdcb401e800 nmethod 16650 0x000000011d236490 code [0x000000011d236760, 0x000000011d237da8]
Event: 11869.690 Thread 0x00007fdcb401c800 16651       4       java.util.zip.Deflater::finalize (5 bytes)
Event: 11869.692 Thread 0x00007fdcb401e000 16652       4       java.io.FileInputStream::finalize (22 bytes)
Event: 11869.693 Thread 0x00007fdcb401c800 nmethod 16651 0x000000011d230050 code [0x000000011d2301c0, 0x000000011d2305c8]
Event: 11869.698 Thread 0x00007fdcb401e000 nmethod 16652 0x000000011d239750 code [0x000000011d2398e0, 0x000000011d23a078]
Event: 11869.706 Thread 0x00007fdcb401c800 16653  s!   4       com.android.tools.build.apkzlib.zip.utils.CloseableByteSource::close (29 bytes)
Event: 11869.708 Thread 0x00007fdcb401c800 nmethod 16653 0x000000011d2004d0 code [0x000000011d200620, 0x000000011d2009b8]

GC Heap History (10 events):
Event: 11867.883 GC heap after
Heap after GC invocations=28 (full 3):
 PSYoungGen      total 464384K, used 39266K [0x00000007a0000000, 0x00000007c0000000, 0x00000007c0000000)
  eden space 424960K, 0% used [0x00000007a0000000,0x00000007a0000000,0x00000007b9f00000)
  from space 39424K, 99% used [0x00000007b9f00000,0x00000007bc558948,0x00000007bc580000)
  to   space 52736K, 0% used [0x00000007bcc80000,0x00000007bcc80000,0x00000007c0000000)
 ParOldGen       total 138752K, used 77019K [0x0000000760000000, 0x0000000768780000, 0x00000007a0000000)
  object space 138752K, 55% used [0x0000000760000000,0x0000000764b36e08,0x0000000768780000)
 Metaspace       used 83629K, capacity 86554K, committed 86808K, reserved 1124352K
  class space    used 10571K, capacity 11250K, committed 11304K, reserved 1048576K
}
Event: 11868.611 GC heap before
{Heap before GC invocations=29 (full 3):
 PSYoungGen      total 464384K, used 464226K [0x00000007a0000000, 0x00000007c0000000, 0x00000007c0000000)
  eden space 424960K, 100% used [0x00000007a0000000,0x00000007b9f00000,0x00000007b9f00000)
  from space 39424K, 99% used [0x00000007b9f00000,0x00000007bc558948,0x00000007bc580000)
  to   space 52736K, 0% used [0x00000007bcc80000,0x00000007bcc80000,0x00000007c0000000)
 ParOldGen       total 138752K, used 77019K [0x0000000760000000, 0x0000000768780000, 0x00000007a0000000)
  object space 138752K, 55% used [0x0000000760000000,0x0000000764b36e08,0x0000000768780000)
 Metaspace       used 83629K, capacity 86554K, committed 86808K, reserved 1124352K
  class space    used 10571K, capacity 11250K, committed 11304K, reserved 1048576K
Event: 11868.676 GC heap after
Heap after GC invocations=29 (full 3):
 PSYoungGen      total 471552K, used 29642K [0x00000007a0000000, 0x00000007c0000000, 0x00000007c0000000)
  eden space 418816K, 0% used [0x00000007a0000000,0x00000007a0000000,0x00000007b9900000)
  from space 52736K, 56% used [0x00000007bcc80000,0x00000007be972948,0x00000007c0000000)
  to   space 52736K, 0% used [0x00000007b9900000,0x00000007b9900000,0x00000007bcc80000)
 ParOldGen       total 138752K, used 91195K [0x0000000760000000, 0x0000000768780000, 0x00000007a0000000)
  object space 138752K, 65% used [0x0000000760000000,0x000000076590ee98,0x0000000768780000)
 Metaspace       used 83629K, capacity 86554K, committed 86808K, reserved 1124352K
  class space    used 10571K, capacity 11250K, committed 11304K, reserved 1048576K
}
Event: 11869.366 GC heap before
{Heap before GC invocations=30 (full 3):
 PSYoungGen      total 471552K, used 448458K [0x00000007a0000000, 0x00000007c0000000, 0x00000007c0000000)
  eden space 418816K, 100% used [0x00000007a0000000,0x00000007b9900000,0x00000007b9900000)
  from space 52736K, 56% used [0x00000007bcc80000,0x00000007be972948,0x00000007c0000000)
  to   space 52736K, 0% used [0x00000007b9900000,0x00000007b9900000,0x00000007bcc80000)
 ParOldGen       total 138752K, used 91195K [0x0000000760000000, 0x0000000768780000, 0x00000007a0000000)
  object space 138752K, 65% used [0x0000000760000000,0x000000076590ee98,0x0000000768780000)
 Metaspace       used 83629K, capacity 86554K, committed 86808K, reserved 1124352K
  class space    used 10571K, capacity 11250K, committed 11304K, reserved 1048576K
Event: 11869.411 GC heap after
Heap after GC invocations=30 (full 3):
 PSYoungGen      total 437760K, used 18669K [0x00000007a0000000, 0x00000007bfb00000, 0x00000007c0000000)
  eden space 418816K, 0% used [0x00000007a0000000,0x00000007a0000000,0x00000007b9900000)
  from space 18944K, 98% used [0x00000007b9900000,0x00000007bab3b6e8,0x00000007bab80000)
  to   space 50176K, 0% used [0x00000007bca00000,0x00000007bca00000,0x00000007bfb00000)
 ParOldGen       total 138752K, used 108971K [0x0000000760000000, 0x0000000768780000, 0x00000007a0000000)
  object space 138752K, 78% used [0x0000000760000000,0x0000000766a6af30,0x0000000768780000)
 Metaspace       used 83629K, capacity 86554K, committed 86808K, reserved 1124352K
  class space    used 10571K, capacity 11250K, committed 11304K, reserved 1048576K
}
Event: 11869.669 GC heap before
{Heap before GC invocations=31 (full 3):
 PSYoungGen      total 437760K, used 436526K [0x00000007a0000000, 0x00000007bfb00000, 0x00000007c0000000)
  eden space 418816K, 99% used [0x00000007a0000000,0x00000007b9810118,0x00000007b9900000)
  from space 18944K, 98% used [0x00000007b9900000,0x00000007bab3b6e8,0x00000007bab80000)
  to   space 50176K, 0% used [0x00000007bca00000,0x00000007bca00000,0x00000007bfb00000)
 ParOldGen       total 138752K, used 108971K [0x0000000760000000, 0x0000000768780000, 0x00000007a0000000)
  object space 138752K, 78% used [0x0000000760000000,0x0000000766a6af30,0x0000000768780000)
 Metaspace       used 83631K, capacity 86554K, committed 86808K, reserved 1124352K
  class space    used 10571K, capacity 11250K, committed 11304K, reserved 1048576K
Event: 11869.681 GC heap after
Heap after GC invocations=31 (full 3):
 PSYoungGen      total 468992K, used 7985K [0x00000007a0000000, 0x00000007c0000000, 0x00000007c0000000)
  eden space 418816K, 0% used [0x00000007a0000000,0x00000007a0000000,0x00000007b9900000)
  from space 50176K, 15% used [0x00000007bca00000,0x00000007bd1cc5c8,0x00000007bfb00000)
  to   space 50176K, 0% used [0x00000007b9900000,0x00000007b9900000,0x00000007bca00000)
 ParOldGen       total 138752K, used 118754K [0x0000000760000000, 0x0000000768780000, 0x00000007a0000000)
  object space 138752K, 85% used [0x0000000760000000,0x00000007673f8bb8,0x0000000768780000)
 Metaspace       used 83631K, capacity 86554K, committed 86808K, reserved 1124352K
  class space    used 10571K, capacity 11250K, committed 11304K, reserved 1048576K
}
Event: 11869.743 GC heap before
{Heap before GC invocations=32 (full 3):
 PSYoungGen      total 468992K, used 426761K [0x00000007a0000000, 0x00000007c0000000, 0x00000007c0000000)
  eden space 418816K, 99% used [0x00000007a0000000,0x00000007b98f61f8,0x00000007b9900000)
  from space 50176K, 15% used [0x00000007bca00000,0x00000007bd1cc5c8,0x00000007bfb00000)
  to   space 50176K, 0% used [0x00000007b9900000,0x00000007b9900000,0x00000007bca00000)
 ParOldGen       total 138752K, used 118754K [0x0000000760000000, 0x0000000768780000, 0x00000007a0000000)
  object space 138752K, 85% used [0x0000000760000000,0x00000007673f8bb8,0x0000000768780000)
 Metaspace       used 83631K, capacity 86554K, committed 86808K, reserved 1124352K
  class space    used 10571K, capacity 11250K, committed 11304K, reserved 1048576K
Event: 11869.748 GC heap after
Heap after GC invocations=32 (full 3):
 PSYoungGen      total 468992K, used 128K [0x00000007a0000000, 0x00000007c0000000, 0x00000007c0000000)
  eden space 418816K, 0% used [0x00000007a0000000,0x00000007a0000000,0x00000007b9900000)
  from space 50176K, 0% used [0x00000007b9900000,0x00000007b9920000,0x00000007bca00000)
  to   space 51200K, 0% used [0x00000007bce00000,0x00000007bce00000,0x00000007c0000000)
 ParOldGen       total 138752K, used 126253K [0x0000000760000000, 0x0000000768780000, 0x00000007a0000000)
  object space 138752K, 90% used [0x0000000760000000,0x0000000767b4b4c0,0x0000000768780000)
 Metaspace       used 83631K, capacity 86554K, committed 86808K, reserved 1124352K
  class space    used 10571K, capacity 11250K, committed 11304K, reserved 1048576K
}
Event: 11869.750 GC heap before
{Heap before GC invocations=33 (full 4):
 PSYoungGen      total 468992K, used 128K [0x00000007a0000000, 0x00000007c0000000, 0x00000007c0000000)
  eden space 418816K, 0% used [0x00000007a0000000,0x00000007a0000000,0x00000007b9900000)
  from space 50176K, 0% used [0x00000007b9900000,0x00000007b9920000,0x00000007bca00000)
  to   space 51200K, 0% used [0x00000007bce00000,0x00000007bce00000,0x00000007c0000000)
 ParOldGen       total 138752K, used 126253K [0x0000000760000000, 0x0000000768780000, 0x00000007a0000000)
  object space 138752K, 90% used [0x0000000760000000,0x0000000767b4b4c0,0x0000000768780000)
 Metaspace       used 83631K, capacity 86554K, committed 86808K, reserved 1124352K
  class space    used 10571K, capacity 11250K, committed 11304K, reserved 1048576K

Deoptimization events (10 events):
Event: 11864.566 Thread 0x00007fdcb6743000 Uncommon trap: reason=bimorphic action=maybe_recompile pc=0x000000011c808750 method=com.google.common.base.Objects.equal(Ljava/lang/Object;Ljava/lang/Object;)Z @ 11
Event: 11864.570 Thread 0x00007fdcb6743000 Uncommon trap: reason=bimorphic action=maybe_recompile pc=0x000000011c808750 method=com.google.common.base.Objects.equal(Ljava/lang/Object;Ljava/lang/Object;)Z @ 11
Event: 11864.575 Thread 0x00007fdcb6743000 Uncommon trap: reason=bimorphic action=maybe_recompile pc=0x000000011c808750 method=com.google.common.base.Objects.equal(Ljava/lang/Object;Ljava/lang/Object;)Z @ 11
Event: 11867.339 Thread 0x00007fdcb6743000 Uncommon trap: reason=class_check action=maybe_recompile pc=0x000000011d138acc method=com.android.builder.merge.LazyIncrementalFileMergerInput.getFileStatus(Ljava/lang/String;)Lcom/android/ide/common/resources/FileStatus; @ 31
Event: 11868.014 Thread 0x00007fdcb6743000 Uncommon trap: reason=unstable_if action=reinterpret pc=0x000000011d1f7740 method=java.util.zip.DeflaterOutputStream.write([BII)V @ 46
Event: 11869.602 Thread 0x00007fdcb6743000 Uncommon trap: reason=class_check action=maybe_recompile pc=0x000000011d2231a8 method=com.google.common.collect.ImmutableList.forEach(Ljava/util/function/Consumer;)V @ 6
Event: 11869.603 Thread 0x00007fdcb6743000 Uncommon trap: reason=class_check action=maybe_recompile pc=0x000000011d226a38 method=com.google.common.io.ByteSource.hash(Lcom/google/common/hash/HashFunction;)Lcom/google/common/hash/HashCode; @ 12
Event: 11869.603 Thread 0x00007fdcb6743000 Uncommon trap: reason=class_check action=maybe_recompile pc=0x000000011d226a38 method=com.google.common.io.ByteSource.hash(Lcom/google/common/hash/HashFunction;)Lcom/google/common/hash/HashCode; @ 12
Event: 11869.604 Thread 0x00007fdcb6743000 Uncommon trap: reason=class_check action=maybe_recompile pc=0x000000011d226a38 method=com.google.common.io.ByteSource.hash(Lcom/google/common/hash/HashFunction;)Lcom/google/common/hash/HashCode; @ 12
Event: 11869.604 Thread 0x00007fdcb6743000 Uncommon trap: reason=class_check action=maybe_recompile pc=0x000000011d226a38 method=com.google.common.io.ByteSource.hash(Lcom/google/common/hash/HashFunction;)Lcom/google/common/hash/HashCode; @ 12

Classes redefined (0 events):
No events

Internal exceptions (10 events):
Event: 11861.747 Thread 0x00007fdcb6f29800 Exception <a 'sun/nio/fs/UnixException'> (0x00000007af18bd30) thrown at [/Volumes/android/AOSP-openjdk-git/jdk8u/hotspot/src/share/vm/prims/jni.cpp, line 709]
Event: 11861.749 Thread 0x00007fdcb6f29800 Exception <a 'sun/nio/fs/UnixException'> (0x00000007af18ebf0) thrown at [/Volumes/android/AOSP-openjdk-git/jdk8u/hotspot/src/share/vm/prims/jni.cpp, line 709]
Event: 11861.795 Thread 0x00007fdcb6f29800 Exception <a 'sun/nio/fs/UnixException'> (0x00000007af2af560) thrown at [/Volumes/android/AOSP-openjdk-git/jdk8u/hotspot/src/share/vm/prims/jni.cpp, line 709]
Event: 11861.803 Thread 0x00007fdcb6f29800 Exception <a 'java/lang/NoSuchMethodError': java.lang.Object.newSystemTemporaryDirectory()Lcom/android/tools/build/apkzlib/bytestorage/TemporaryDirectory;> (0x00000007af309b08) thrown at [/Volumes/android/AOSP-openjdk-git/jdk8u/hotspot/src/share/vm/interp
Event: 11861.898 Thread 0x00007fdcb6f29800 Implicit null exception at 0x000000011c54eb40 to 0x000000011c54f825
Event: 11862.550 Thread 0x00007fdcb6f29800 Exception <a 'sun/nio/fs/UnixException'> (0x00000007ad3e2bb0) thrown at [/Volumes/android/AOSP-openjdk-git/jdk8u/hotspot/src/share/vm/prims/jni.cpp, line 709]
Event: 11863.000 Thread 0x00007fdcb6743000 Exception <a 'sun/nio/fs/UnixException'> (0x00000007aedadcd0) thrown at [/Volumes/android/AOSP-openjdk-git/jdk8u/hotspot/src/share/vm/prims/jni.cpp, line 709]
Event: 11863.017 Thread 0x00007fdcb6743000 Exception <a 'java/lang/NoSuchMethodError': java.lang.Object.lambda$asRunnable$0(Lcom/android/tools/build/apkzlib/utils/IOExceptionRunnable;)V> (0x00000007aee2ff40) thrown at [/Volumes/android/AOSP-openjdk-git/jdk8u/hotspot/src/share/vm/interpreter/linkRe
Event: 11863.029 Thread 0x00007fdcb6743000 Exception <a 'java/lang/NoSuchMethodError': java.lang.Object.lambda$and$0(Ljava/util/function/Predicate;Ljava/lang/Object;)Z> (0x00000007aee96760) thrown at [/Volumes/android/AOSP-openjdk-git/jdk8u/hotspot/src/share/vm/interpreter/linkResolver.cpp, line 5
Event: 11863.965 Thread 0x00007fdcb6743000 Exception <a 'sun/nio/fs/UnixException'> (0x00000007a980a500) thrown at [/Volumes/android/AOSP-openjdk-git/jdk8u/hotspot/src/share/vm/prims/jni.cpp, line 709]

Events (10 events):
Event: 11869.603 Thread 0x00007fdcb6743000 DEOPT UNPACKING pc=0x000000011a72147a sp=0x00007000072a8598 mode 2
Event: 11869.604 Thread 0x00007fdcb6743000 Uncommon trap: trap_request=0xffffffde fr.pc=0x000000011d226a38
Event: 11869.604 Thread 0x00007fdcb6743000 DEOPT PACKING pc=0x000000011d226a38 sp=0x00007000072a85a0
Event: 11869.604 Thread 0x00007fdcb6743000 DEOPT UNPACKING pc=0x000000011a72147a sp=0x00007000072a8598 mode 2
Event: 11869.604 Thread 0x00007fdcb6743000 Uncommon trap: trap_request=0xffffffde fr.pc=0x000000011d226a38
Event: 11869.604 Thread 0x00007fdcb6743000 DEOPT PACKING pc=0x000000011d226a38 sp=0x00007000072a85a0
Event: 11869.604 Thread 0x00007fdcb6743000 DEOPT UNPACKING pc=0x000000011a72147a sp=0x00007000072a8598 mode 2
Event: 11869.668 Executing VM operation: ParallelGCFailedAllocation
Event: 11869.682 Executing VM operation: ParallelGCFailedAllocation done
Event: 11869.742 Executing VM operation: ParallelGCFailedAllocation


Dynamic libraries:
0x00000000092bd000 	/System/Library/Frameworks/Cocoa.framework/Versions/A/Cocoa
0x00000000092bd000 	/System/Library/Frameworks/Security.framework/Versions/A/Security
0x00000000092bd000 	/System/Library/Frameworks/ApplicationServices.framework/Versions/A/ApplicationServices
0x00000000092bd000 	/usr/lib/libz.1.dylib
0x00000000092bd000 	/usr/lib/libSystem.B.dylib
0x00000000092bd000 	/System/Library/Frameworks/CoreFoundation.framework/Versions/A/CoreFoundation
0x00000000092bd000 	/System/Library/Frameworks/Foundation.framework/Versions/C/Foundation
0x00000000092bd000 	/usr/lib/libobjc.A.dylib
0x00000000092bd000 	/System/Library/Frameworks/AppKit.framework/Versions/C/AppKit
0x00000000092bd000 	/System/Library/Frameworks/CoreData.framework/Versions/A/CoreData
0x00000000092bd000 	/System/Library/PrivateFrameworks/RemoteViewServices.framework/Versions/A/RemoteViewServices
0x00000000092bd000 	/System/Library/PrivateFrameworks/UIFoundation.framework/Versions/A/UIFoundation
0x00000000092bd000 	/System/Library/PrivateFrameworks/XCTTargetBootstrap.framework/Versions/A/XCTTargetBootstrap
0x00000000092bd000 	/System/Library/PrivateFrameworks/IconServices.framework/Versions/A/IconServices
0x00000000092bd000 	/System/Library/Frameworks/Metal.framework/Versions/A/Metal
0x00000000092bd000 	/System/Library/PrivateFrameworks/DesktopServicesPriv.framework/Versions/A/DesktopServicesPriv
0x00000000092bd000 	/usr/lib/libenergytrace.dylib
0x00000000092bd000 	/System/Library/PrivateFrameworks/SkyLight.framework/Versions/A/SkyLight
0x00000000092bd000 	/System/Library/Frameworks/CoreGraphics.framework/Versions/A/CoreGraphics
0x00000000092bd000 	/System/Library/Frameworks/Accelerate.framework/Versions/A/Accelerate
0x00000000092bd000 	/System/Library/Frameworks/IOSurface.framework/Versions/A/IOSurface
0x00000000092bd000 	/System/Library/PrivateFrameworks/DFRFoundation.framework/Versions/A/DFRFoundation
0x00000000092bd000 	/System/Library/Frameworks/AudioToolbox.framework/Versions/A/AudioToolbox
0x00000000092bd000 	/System/Library/Frameworks/AudioUnit.framework/Versions/A/AudioUnit
0x00000000092bd000 	/System/Library/PrivateFrameworks/DataDetectorsCore.framework/Versions/A/DataDetectorsCore
0x00000000092bd000 	/System/Library/Frameworks/Carbon.framework/Versions/A/Frameworks/HIToolbox.framework/Versions/A/HIToolbox
0x00000000092bd000 	/usr/lib/libicucore.A.dylib
0x00000000092bd000 	/System/Library/Frameworks/QuartzCore.framework/Versions/A/QuartzCore
0x00000000092bd000 	/System/Library/Frameworks/Carbon.framework/Versions/A/Frameworks/SpeechRecognition.framework/Versions/A/SpeechRecognition
0x00000000092bd000 	/usr/lib/libauto.dylib
0x00000000092bd000 	/usr/lib/libxml2.2.dylib
0x00000000092bd000 	/System/Library/PrivateFrameworks/CoreUI.framework/Versions/A/CoreUI
0x00000000092bd000 	/System/Library/Frameworks/CoreAudio.framework/Versions/A/CoreAudio
0x00000000092bd000 	/System/Library/Frameworks/DiskArbitration.framework/Versions/A/DiskArbitration
0x00000000092bd000 	/usr/lib/liblangid.dylib
0x00000000092bd000 	/System/Library/PrivateFrameworks/MultitouchSupport.framework/Versions/A/MultitouchSupport
0x00000000092bd000 	/System/Library/Frameworks/IOKit.framework/Versions/A/IOKit
0x00000000092bd000 	/usr/lib/libDiagnosticMessagesClient.dylib
0x00000000092bd000 	/System/Library/Frameworks/CoreServices.framework/Versions/A/CoreServices
0x00000000092bd000 	/System/Library/PrivateFrameworks/PerformanceAnalysis.framework/Versions/A/PerformanceAnalysis
0x00000000092bd000 	/System/Library/Frameworks/OpenGL.framework/Versions/A/OpenGL
0x00000000092bd000 	/System/Library/Frameworks/ColorSync.framework/Versions/A/ColorSync
0x00000000092bd000 	/System/Library/Frameworks/CoreImage.framework/Versions/A/CoreImage
0x00000000092bd000 	/System/Library/Frameworks/CoreText.framework/Versions/A/CoreText
0x00000000092bd000 	/System/Library/Frameworks/ImageIO.framework/Versions/A/ImageIO
0x00000000092bd000 	/System/Library/PrivateFrameworks/Backup.framework/Versions/A/Backup
0x00000000092bd000 	/usr/lib/libarchive.2.dylib
0x00000000092bd000 	/System/Library/Frameworks/CFNetwork.framework/Versions/A/CFNetwork
0x00000000092bd000 	/System/Library/Frameworks/SystemConfiguration.framework/Versions/A/SystemConfiguration
0x00000000092bd000 	/usr/lib/libCRFSuite.dylib
0x00000000092bd000 	/usr/lib/libc++.1.dylib
0x00000000092bd000 	/usr/lib/libc++abi.dylib
0x00000000092bd000 	/usr/lib/system/libcache.dylib
0x00000000092bd000 	/usr/lib/system/libcommonCrypto.dylib
0x00000000092bd000 	/usr/lib/system/libcompiler_rt.dylib
0x00000000092bd000 	/usr/lib/system/libcopyfile.dylib
0x00000000092bd000 	/usr/lib/system/libcorecrypto.dylib
0x00000000092bd000 	/usr/lib/system/libdispatch.dylib
0x00000000092bd000 	/usr/lib/system/libdyld.dylib
0x00000000092bd000 	/usr/lib/system/libkeymgr.dylib
0x00000000092bd000 	/usr/lib/system/liblaunch.dylib
0x00000000092bd000 	/usr/lib/system/libmacho.dylib
0x00000000092bd000 	/usr/lib/system/libquarantine.dylib
0x00000000092bd000 	/usr/lib/system/libremovefile.dylib
0x00000000092bd000 	/usr/lib/system/libsystem_asl.dylib
0x00000000092bd000 	/usr/lib/system/libsystem_blocks.dylib
0x00000000092bd000 	/usr/lib/system/libsystem_c.dylib
0x00000000092bd000 	/usr/lib/system/libsystem_configuration.dylib
0x00000000092bd000 	/usr/lib/system/libsystem_coreservices.dylib
0x00000000092bd000 	/usr/lib/system/libsystem_darwin.dylib
0x00000000092bd000 	/usr/lib/system/libsystem_dnssd.dylib
0x00000000092bd000 	/usr/lib/system/libsystem_info.dylib
0x00000000092bd000 	/usr/lib/system/libsystem_m.dylib
0x00000000092bd000 	/usr/lib/system/libsystem_malloc.dylib
0x00000000092bd000 	/usr/lib/system/libsystem_networkextension.dylib
0x00000000092bd000 	/usr/lib/system/libsystem_notify.dylib
0x00000000092bd000 	/usr/lib/system/libsystem_sandbox.dylib
0x00000000092bd000 	/usr/lib/system/libsystem_secinit.dylib
0x00000000092bd000 	/usr/lib/system/libsystem_kernel.dylib
0x00000000092bd000 	/usr/lib/system/libsystem_platform.dylib
0x00000000092bd000 	/usr/lib/system/libsystem_pthread.dylib
0x00000000092bd000 	/usr/lib/system/libsystem_symptoms.dylib
0x00000000092bd000 	/usr/lib/system/libsystem_trace.dylib
0x00000000092bd000 	/usr/lib/system/libunwind.dylib
0x00000000092bd000 	/usr/lib/system/libxpc.dylib
0x00000000092bd000 	/usr/lib/libbsm.0.dylib
0x00000000092bd000 	/usr/lib/system/libkxld.dylib
0x00000000092bd000 	/System/Library/PrivateFrameworks/AppleFSCompression.framework/Versions/A/AppleFSCompression
0x00000000092bd000 	/usr/lib/libOpenScriptingUtil.dylib
0x00000000092bd000 	/usr/lib/libcoretls.dylib
0x00000000092bd000 	/usr/lib/libcoretls_cfhelpers.dylib
0x00000000092bd000 	/usr/lib/libpam.2.dylib
0x00000000092bd000 	/usr/lib/libsqlite3.dylib
0x00000000092bd000 	/usr/lib/libxar.1.dylib
0x00000000092bd000 	/usr/lib/libbz2.1.0.dylib
0x00000000092bd000 	/usr/lib/liblzma.5.dylib
0x00000000092bd000 	/usr/lib/libnetwork.dylib
0x00000000092bd000 	/usr/lib/libapple_nghttp2.dylib
0x00000000092bd000 	/usr/lib/libpcap.A.dylib
0x00000000092bd000 	/System/Library/Frameworks/CoreServices.framework/Versions/A/Frameworks/FSEvents.framework/Versions/A/FSEvents
0x00000000092bd000 	/System/Library/Frameworks/CoreServices.framework/Versions/A/Frameworks/CarbonCore.framework/Versions/A/CarbonCore
0x00000000092bd000 	/System/Library/Frameworks/CoreServices.framework/Versions/A/Frameworks/Metadata.framework/Versions/A/Metadata
0x00000000092bd000 	/System/Library/Frameworks/CoreServices.framework/Versions/A/Frameworks/OSServices.framework/Versions/A/OSServices
0x00000000092bd000 	/System/Library/Frameworks/CoreServices.framework/Versions/A/Frameworks/SearchKit.framework/Versions/A/SearchKit
0x00000000092bd000 	/System/Library/Frameworks/CoreServices.framework/Versions/A/Frameworks/AE.framework/Versions/A/AE
0x00000000092bd000 	/System/Library/Frameworks/CoreServices.framework/Versions/A/Frameworks/LaunchServices.framework/Versions/A/LaunchServices
0x00000000092bd000 	/System/Library/Frameworks/CoreServices.framework/Versions/A/Frameworks/DictionaryServices.framework/Versions/A/DictionaryServices
0x00000000092bd000 	/System/Library/Frameworks/CoreServices.framework/Versions/A/Frameworks/SharedFileList.framework/Versions/A/SharedFileList
0x00000000092bd000 	/System/Library/Frameworks/NetFS.framework/Versions/A/NetFS
0x00000000092bd000 	/System/Library/PrivateFrameworks/NetAuth.framework/Versions/A/NetAuth
0x00000000092bd000 	/System/Library/PrivateFrameworks/login.framework/Versions/A/Frameworks/loginsupport.framework/Versions/A/loginsupport
0x00000000092bd000 	/System/Library/PrivateFrameworks/TCC.framework/Versions/A/TCC
0x00000000092bd000 	/System/Library/PrivateFrameworks/CoreNLP.framework/Versions/A/CoreNLP
0x00000000092bd000 	/System/Library/PrivateFrameworks/MetadataUtilities.framework/Versions/A/MetadataUtilities
0x00000000092bd000 	/usr/lib/libmecabra.dylib
0x00000000092bd000 	/System/Library/Frameworks/ApplicationServices.framework/Versions/A/Frameworks/ATS.framework/Versions/A/ATS
0x00000000092bd000 	/System/Library/Frameworks/ApplicationServices.framework/Versions/A/Frameworks/ColorSyncLegacy.framework/Versions/A/ColorSyncLegacy
0x00000000092bd000 	/System/Library/Frameworks/ApplicationServices.framework/Versions/A/Frameworks/HIServices.framework/Versions/A/HIServices
0x00000000092bd000 	/System/Library/Frameworks/ApplicationServices.framework/Versions/A/Frameworks/LangAnalysis.framework/Versions/A/LangAnalysis
0x00000000092bd000 	/System/Library/Frameworks/ApplicationServices.framework/Versions/A/Frameworks/PrintCore.framework/Versions/A/PrintCore
0x00000000092bd000 	/System/Library/Frameworks/ApplicationServices.framework/Versions/A/Frameworks/QD.framework/Versions/A/QD
0x00000000092bd000 	/System/Library/Frameworks/ApplicationServices.framework/Versions/A/Frameworks/SpeechSynthesis.framework/Versions/A/SpeechSynthesis
0x00000000092bd000 	/usr/lib/libcompression.dylib
0x00000000092bd000 	/System/Library/Frameworks/CoreDisplay.framework/Versions/A/CoreDisplay
0x00000000092bd000 	/System/Library/Frameworks/MetalPerformanceShaders.framework/Versions/A/MetalPerformanceShaders
0x00000000092bd000 	/System/Library/Frameworks/Accelerate.framework/Versions/A/Frameworks/vImage.framework/Versions/A/vImage
0x00000000092bd000 	/System/Library/Frameworks/Accelerate.framework/Versions/A/Frameworks/vecLib.framework/Versions/A/vecLib
0x00000000092bd000 	/System/Library/Frameworks/Accelerate.framework/Versions/A/Frameworks/vecLib.framework/Versions/A/libvMisc.dylib
0x00000000092bd000 	/System/Library/Frameworks/Accelerate.framework/Versions/A/Frameworks/vecLib.framework/Versions/A/libvDSP.dylib
0x00000000092bd000 	/System/Library/Frameworks/Accelerate.framework/Versions/A/Frameworks/vecLib.framework/Versions/A/libBLAS.dylib
0x00000000092bd000 	/System/Library/Frameworks/Accelerate.framework/Versions/A/Frameworks/vecLib.framework/Versions/A/libLAPACK.dylib
0x00000000092bd000 	/System/Library/Frameworks/Accelerate.framework/Versions/A/Frameworks/vecLib.framework/Versions/A/libLinearAlgebra.dylib
0x00000000092bd000 	/System/Library/Frameworks/Accelerate.framework/Versions/A/Frameworks/vecLib.framework/Versions/A/libSparseBLAS.dylib
0x00000000092bd000 	/System/Library/Frameworks/Accelerate.framework/Versions/A/Frameworks/vecLib.framework/Versions/A/libQuadrature.dylib
0x00000000092bd000 	/System/Library/Frameworks/Accelerate.framework/Versions/A/Frameworks/vecLib.framework/Versions/A/libBNNS.dylib
0x00000000092bd000 	/System/Library/Frameworks/Accelerate.framework/Versions/A/Frameworks/vecLib.framework/Versions/A/libSparse.dylib
0x00000000092bd000 	/System/Library/PrivateFrameworks/GPUWrangler.framework/Versions/A/GPUWrangler
0x00000000092bd000 	/System/Library/PrivateFrameworks/IOAccelerator.framework/Versions/A/IOAccelerator
0x00000000092bd000 	/System/Library/PrivateFrameworks/IOPresentment.framework/Versions/A/IOPresentment
0x00000000092bd000 	/System/Library/PrivateFrameworks/DSExternalDisplay.framework/Versions/A/DSExternalDisplay
0x00000000092bd000 	/System/Library/Frameworks/OpenGL.framework/Versions/A/Libraries/libCoreFSCache.dylib
0x00000000092bd000 	/System/Library/Frameworks/MetalPerformanceShaders.framework/Frameworks/MPSCore.framework/Versions/A/MPSCore
0x00000000092bd000 	/System/Library/Frameworks/MetalPerformanceShaders.framework/Frameworks/MPSImage.framework/Versions/A/MPSImage
0x00000000092bd000 	/System/Library/Frameworks/MetalPerformanceShaders.framework/Frameworks/MPSNeuralNetwork.framework/Versions/A/MPSNeuralNetwork
0x00000000092bd000 	/System/Library/Frameworks/MetalPerformanceShaders.framework/Frameworks/MPSMatrix.framework/Versions/A/MPSMatrix
0x00000000092bd000 	/System/Library/Frameworks/MetalPerformanceShaders.framework/Frameworks/MPSRayIntersector.framework/Versions/A/MPSRayIntersector
0x00000000092bd000 	/System/Library/PrivateFrameworks/MetalTools.framework/Versions/A/MetalTools
0x00000000092bd000 	/System/Library/PrivateFrameworks/AggregateDictionary.framework/Versions/A/AggregateDictionary
0x00000000092bd000 	/usr/lib/libMobileGestalt.dylib
0x00000000092bd000 	/System/Library/Frameworks/CoreVideo.framework/Versions/A/CoreVideo
0x00000000092bd000 	/System/Library/PrivateFrameworks/GraphVisualizer.framework/Versions/A/GraphVisualizer
0x00000000092bd000 	/System/Library/PrivateFrameworks/FaceCore.framework/Versions/A/FaceCore
0x00000000092bd000 	/System/Library/Frameworks/OpenCL.framework/Versions/A/OpenCL
0x00000000092bd000 	/usr/lib/libFosl_dynamic.dylib
0x00000000092bd000 	/System/Library/PrivateFrameworks/OTSVG.framework/Versions/A/OTSVG
0x00000000092bd000 	/System/Library/Frameworks/ApplicationServices.framework/Versions/A/Frameworks/ATS.framework/Versions/A/Resources/libFontParser.dylib
0x00000000092bd000 	/System/Library/Frameworks/ApplicationServices.framework/Versions/A/Frameworks/ATS.framework/Versions/A/Resources/libFontRegistry.dylib
0x00000000092bd000 	/System/Library/Frameworks/ImageIO.framework/Versions/A/Resources/libJPEG.dylib
0x00000000092bd000 	/System/Library/Frameworks/ImageIO.framework/Versions/A/Resources/libTIFF.dylib
0x00000000092bd000 	/System/Library/Frameworks/ImageIO.framework/Versions/A/Resources/libPng.dylib
0x00000000092bd000 	/System/Library/Frameworks/ImageIO.framework/Versions/A/Resources/libGIF.dylib
0x00000000092bd000 	/System/Library/Frameworks/ImageIO.framework/Versions/A/Resources/libJP2.dylib
0x00000000092bd000 	/System/Library/Frameworks/ImageIO.framework/Versions/A/Resources/libRadiance.dylib
0x00000000092bd000 	/System/Library/PrivateFrameworks/AppleJPEG.framework/Versions/A/AppleJPEG
0x00000000092bd000 	/System/Library/Frameworks/OpenGL.framework/Versions/A/Libraries/libGFXShared.dylib
0x00000000092bd000 	/System/Library/Frameworks/OpenGL.framework/Versions/A/Libraries/libGLU.dylib
0x00000000092bd000 	/System/Library/Frameworks/OpenGL.framework/Versions/A/Libraries/libGL.dylib
0x00000000092bd000 	/System/Library/Frameworks/OpenGL.framework/Versions/A/Libraries/libGLImage.dylib
0x00000000092bd000 	/System/Library/Frameworks/OpenGL.framework/Versions/A/Libraries/libCVMSPluginSupport.dylib
0x00000000092bd000 	/System/Library/Frameworks/OpenGL.framework/Versions/A/Libraries/libCoreVMClient.dylib
0x00000000092bd000 	/usr/lib/libcups.2.dylib
0x00000000092bd000 	/System/Library/Frameworks/Kerberos.framework/Versions/A/Kerberos
0x00000000092bd000 	/System/Library/Frameworks/GSS.framework/Versions/A/GSS
0x00000000092bd000 	/usr/lib/libresolv.9.dylib
0x00000000092bd000 	/usr/lib/libiconv.2.dylib
0x00000000092bd000 	/System/Library/PrivateFrameworks/Heimdal.framework/Versions/A/Heimdal
0x00000000092bd000 	/usr/lib/libheimdal-asn1.dylib
0x00000000092bd000 	/System/Library/Frameworks/OpenDirectory.framework/Versions/A/OpenDirectory
0x00000000092bd000 	/System/Library/PrivateFrameworks/CommonAuth.framework/Versions/A/CommonAuth
0x00000000092bd000 	/System/Library/Frameworks/OpenDirectory.framework/Versions/A/Frameworks/CFOpenDirectory.framework/Versions/A/CFOpenDirectory
0x00000000092bd000 	/System/Library/Frameworks/SecurityFoundation.framework/Versions/A/SecurityFoundation
0x00000000092bd000 	/System/Library/PrivateFrameworks/APFS.framework/Versions/A/APFS
0x00000000092bd000 	/usr/lib/libutil.dylib
0x00000000092bd000 	/usr/lib/libcharset.1.dylib
0x00000000092bd000 	/System/Library/PrivateFrameworks/AppleSauce.framework/Versions/A/AppleSauce
0x00000000092bd000 	/System/Library/PrivateFrameworks/AssertionServices.framework/Versions/A/AssertionServices
0x00000000092bd000 	/System/Library/PrivateFrameworks/BaseBoard.framework/Versions/A/BaseBoard
0x00000000092bd000 	/usr/lib/libmecab.1.0.0.dylib
0x00000000092bd000 	/usr/lib/libgermantok.dylib
0x00000000092bd000 	/usr/lib/libThaiTokenizer.dylib
0x00000000092bd000 	/usr/lib/libChineseTokenizer.dylib
0x00000000092bd000 	/System/Library/PrivateFrameworks/LanguageModeling.framework/Versions/A/LanguageModeling
0x00000000092bd000 	/System/Library/PrivateFrameworks/CoreEmoji.framework/Versions/A/CoreEmoji
0x00000000092bd000 	/System/Library/PrivateFrameworks/Lexicon.framework/Versions/A/Lexicon
0x00000000092bd000 	/System/Library/PrivateFrameworks/LinguisticData.framework/Versions/A/LinguisticData
0x00000000092bd000 	/usr/lib/libcmph.dylib
0x00000000092bd000 	/System/Library/Frameworks/ServiceManagement.framework/Versions/A/ServiceManagement
0x00000000092bd000 	/System/Library/PrivateFrameworks/BackgroundTaskManagement.framework/Versions/A/BackgroundTaskManagement
0x00000000092bd000 	/usr/lib/libxslt.1.dylib
0x00000000092bd000 	/System/Library/Frameworks/Carbon.framework/Versions/A/Frameworks/Ink.framework/Versions/A/Ink
0x00000000092bd000 	/System/Library/PrivateFrameworks/TextureIO.framework/Versions/A/TextureIO
0x00000000092bd000 	/usr/lib/libate.dylib
0x00000000092bd000 	/System/Library/PrivateFrameworks/CrashReporterSupport.framework/Versions/A/CrashReporterSupport
0x00000000092bd000 	/System/Library/PrivateFrameworks/Sharing.framework/Versions/A/Sharing
0x00000000092bd000 	/System/Library/PrivateFrameworks/AuthKit.framework/Versions/A/AuthKit
0x00000000092bd000 	/System/Library/PrivateFrameworks/Apple80211.framework/Versions/A/Apple80211
0x00000000092bd000 	/System/Library/PrivateFrameworks/CoreUtils.framework/Versions/A/CoreUtils
0x00000000092bd000 	/System/Library/Frameworks/CoreWLAN.framework/Versions/A/CoreWLAN
0x00000000092bd000 	/System/Library/Frameworks/IOBluetooth.framework/Versions/A/IOBluetooth
0x00000000092bd000 	/System/Library/PrivateFrameworks/ProtocolBuffer.framework/Versions/A/ProtocolBuffer
0x00000000092bd000 	/System/Library/PrivateFrameworks/MobileKeyBag.framework/Versions/A/MobileKeyBag
0x00000000092bd000 	/System/Library/PrivateFrameworks/CorePhoneNumbers.framework/Versions/A/CorePhoneNumbers
0x00000000092bd000 	/System/Library/PrivateFrameworks/AppleIDAuthSupport.framework/Versions/A/AppleIDAuthSupport
0x00000000092bd000 	/System/Library/PrivateFrameworks/KeychainCircle.framework/Versions/A/KeychainCircle
0x00000000092bd000 	/System/Library/PrivateFrameworks/ROCKit.framework/Versions/A/ROCKit
0x00000000092bd000 	/System/Library/PrivateFrameworks/CoreWiFi.framework/Versions/A/CoreWiFi
0x00000000092bd000 	/System/Library/Frameworks/CoreBluetooth.framework/Versions/A/CoreBluetooth
0x00000000092bd000 	/System/Library/PrivateFrameworks/DebugSymbols.framework/Versions/A/DebugSymbols
0x00000000092bd000 	/System/Library/PrivateFrameworks/CoreSymbolication.framework/Versions/A/CoreSymbolication
0x00000000092bd000 	/System/Library/PrivateFrameworks/Symbolication.framework/Versions/A/Symbolication
0x00000000092bd000 	/System/Library/PrivateFrameworks/SpeechRecognitionCore.framework/Versions/A/SpeechRecognitionCore
0x000000010f800000 	/Users/maor95/Desktop/Android Studio.app/Contents/jre/jdk/Contents/Home/jre/lib/server/libjvm.dylib
0x00000000092bd000 	/usr/lib/libstdc++.6.dylib
0x000000010ef61000 	/Users/maor95/Desktop/Android Studio.app/Contents/jre/jdk/Contents/Home/jre/lib/libverify.dylib
0x000000010ef6d000 	/Users/maor95/Desktop/Android Studio.app/Contents/jre/jdk/Contents/Home/jre/lib/libjava.dylib
0x000000010efeb000 	/Users/maor95/Desktop/Android Studio.app/Contents/jre/jdk/Contents/Home/jre/lib/libzip.dylib
0x0000000115e67000 	/Users/maor95/Desktop/Android Studio.app/Contents/jre/jdk/Contents/Home/jre/lib/libnet.dylib
0x0000000115e96000 	/Users/maor95/Desktop/Android Studio.app/Contents/jre/jdk/Contents/Home/jre/lib/libnio.dylib
0x0000000115963000 	/Users/maor95/.gradle/native/25/osx-amd64/libnative-platform.dylib
0x000000011627e000 	/Users/maor95/Desktop/Android Studio.app/Contents/jre/jdk/Contents/Home/jre/lib/libmanagement.dylib
0x00000001175b5000 	/Users/maor95/Desktop/Android Studio.app/Contents/jre/jdk/Contents/Home/jre/lib/libawt.dylib
0x0000000117e33000 	/Users/maor95/Desktop/Android Studio.app/Contents/jre/jdk/Contents/Home/jre/lib/./libmlib_image.dylib
0x00000000092bd000 	/System/Library/Frameworks/JavaVM.framework/Versions/A/Frameworks/JavaNativeFoundation.framework/Versions/A/JavaNativeFoundation
0x00000000092bd000 	/System/Library/Frameworks/JavaVM.framework/Versions/A/Frameworks/JavaRuntimeSupport.framework/Versions/A/JavaRuntimeSupport
0x00000000092bd000 	/System/Library/Frameworks/JavaVM.framework/Versions/A/JavaVM
0x00000000092bd000 	/System/Library/PrivateFrameworks/JavaLaunching.framework/Versions/A/JavaLaunching
0x00000000092bd000 	/System/Library/Frameworks/Carbon.framework/Versions/A/Carbon
0x00000000092bd000 	/System/Library/Frameworks/Carbon.framework/Versions/A/Frameworks/CommonPanels.framework/Versions/A/CommonPanels
0x00000000092bd000 	/System/Library/Frameworks/Carbon.framework/Versions/A/Frameworks/Help.framework/Versions/A/Help
0x00000000092bd000 	/System/Library/Frameworks/Carbon.framework/Versions/A/Frameworks/ImageCapture.framework/Versions/A/ImageCapture
0x00000000092bd000 	/System/Library/Frameworks/Carbon.framework/Versions/A/Frameworks/OpenScripting.framework/Versions/A/OpenScripting
0x00000000092bd000 	/System/Library/Frameworks/Carbon.framework/Versions/A/Frameworks/Print.framework/Versions/A/Print
0x00000000092bd000 	/System/Library/Frameworks/Carbon.framework/Versions/A/Frameworks/SecurityHI.framework/Versions/A/SecurityHI
0x0000000118332000 	/Users/maor95/Desktop/Android Studio.app/Contents/jre/jdk/Contents/Home/jre/lib/libawt_lwawt.dylib
0x0000000116767000 	/Users/maor95/Desktop/Android Studio.app/Contents/jre/jdk/Contents/Home/jre/lib/./libosxapp.dylib
0x00000000092bd000 	/System/Library/Frameworks/ExceptionHandling.framework/Versions/A/ExceptionHandling

VM Arguments:
jvm_args: -Xmx1536m -Dfile.encoding=UTF-8 -Duser.country=IL -Duser.language=en -Duser.variant 
java_command: org.gradle.launcher.daemon.bootstrap.GradleDaemon 4.10.1
java_class_path (initial): /Users/maor95/.gradle/wrapper/dists/gradle-4.10.1-all/455itskqi2qtf0v2sja68alqd/gradle-4.10.1/lib/gradle-launcher-4.10.1.jar
Launcher Type: SUN_STANDARD

Environment Variables:
PATH=/usr/local/bin:/usr/bin:/bin:/usr/sbin:/sbin
SHELL=/bin/bash

Signal Handlers:
SIGSEGV: [libjvm.dylib+0x570b99], sa_mask[0]=11111111011111110111111111111111, sa_flags=SA_ONSTACK|SA_RESTART|SA_SIGINFO
SIGBUS: [libjvm.dylib+0x570b99], sa_mask[0]=11111111011111110111111111111111, sa_flags=SA_RESTART|SA_SIGINFO
SIGFPE: [libjvm.dylib+0x461f81], sa_mask[0]=11111111011111110111111111111111, sa_flags=SA_RESTART|SA_SIGINFO
SIGPIPE: [libjvm.dylib+0x461f81], sa_mask[0]=11111111011111110111111111111111, sa_flags=SA_RESTART|SA_SIGINFO
SIGXFSZ: [libjvm.dylib+0x461f81], sa_mask[0]=11111111011111110111111111111111, sa_flags=SA_RESTART|SA_SIGINFO
SIGILL: [libjvm.dylib+0x461f81], sa_mask[0]=11111111011111110111111111111111, sa_flags=SA_RESTART|SA_SIGINFO
SIGUSR1: SIG_DFL, sa_mask[0]=00000000000000000000000000000000, sa_flags=none
SIGUSR2: [libjvm.dylib+0x462892], sa_mask[0]=00100000000000000000000000000000, sa_flags=SA_RESTART|SA_SIGINFO
SIGHUP: [libjvm.dylib+0x460a7b], sa_mask[0]=11111111011111110111111111111111, sa_flags=SA_RESTART|SA_SIGINFO
SIGINT: [libjvm.dylib+0x460a7b], sa_mask[0]=11111111011111110111111111111111, sa_flags=SA_RESTART|SA_SIGINFO
SIGTERM: [libjvm.dylib+0x460a7b], sa_mask[0]=11111111011111110111111111111111, sa_flags=SA_RESTART|SA_SIGINFO
SIGQUIT: [libjvm.dylib+0x460a7b], sa_mask[0]=11111111011111110111111111111111, sa_flags=SA_RESTART|SA_SIGINFO


---------------  S Y S T E M  ---------------

OS:Bsduname:Darwin 18.5.0 Darwin Kernel Version 18.5.0: Mon Mar 11 20:40:32 PDT 2019; root:xnu-4903.251.3~3/RELEASE_X86_64 x86_64
rlimit: STACK 8192k, CORE 0k, NPROC 709, NOFILE 10240, AS infinity
load average:5.92 2.73 2.19

CPU:total 4 (initial active 4) (2 cores per cpu, 2 threads per core) family 6 model 142 stepping 9, cmov, cx8, fxsr, mmx, sse, sse2, sse3, ssse3, sse4.1, sse4.2, popcnt, avx, avx2, aes, clmul, erms, rtm, 3dnowpref, lzcnt, ht, tsc, tscinvbit, bmi1, bmi2, adx

Memory: 4k page, physical 8388608k(550220k free)

/proc/meminfo:


vm_info: OpenJDK 64-Bit Server VM (25.152-b01) for bsd-amd64 JRE (1.8.0_152-release-1248-b01), built by "builder" with gcc 4.2.1 Compatible Apple LLVM 9.1.0 (clang-902.0.39.2)

time: Thu Mar 28 17:22:42 2019
elapsed time: 11869 seconds (0d 3h 17m 49s)

